<?xml version="1.0" encoding="UTF-8"?>
<!-- Generated by org.testng.reporters.JUnitXMLReporter -->
<testsuite ignored="0" hostname="WBLT5CG50642RX" failures="0" tests="3" name="Default test" time="4.707" errors="0" timestamp="2021-09-24T12:03:24 CDT">
  <testcase classname="APITests.automateAPICalls" name="test_addNewPet" time="3.589"/>
  <testcase classname="APITests.automateAPICalls" name="testuploadDogPhoto" time="0.568"/>
  <testcase classname="APITests.automateAPICalls" name="testGetNewPetDetails" time="0.475"/>
</testsuite> <!-- Default test -->
