<?xml version="1.0" encoding="UTF-8"?>
<!-- Generated by org.testng.reporters.JUnitXMLReporter -->
<testsuite ignored="0" hostname="WBLT5CG50642RX" failures="2" tests="4" name="Test" time="20.168" errors="0" timestamp="2021-09-24T11:59:17 CDT">
  <testcase classname="APITests.automateAPICalls" name="test_addNewPet" time="17.767"/>
  <testcase classname="APITests.automateAPICalls" name="testuploadDogPhoto" time="0.853"/>
  <testcase classname="APITests.automateAPICalls" name="testGetNewPetDetails" time="0.754">
    <failure type="java.lang.AssertionError" message="expected [200] but found [404]">
      <![CDATA[java.lang.AssertionError: expected [200] but found [404]
at APITests.automateAPICalls.testGetNewPetDetails(automateAPICalls.java:100)
at java.base/java.util.ArrayList.forEach(ArrayList.java:1511)
... Removed 33 stack frames]]>
    </failure>
  </testcase> <!-- testGetNewPetDetails -->
  <testcase classname="APITests.automateAPICalls" name="testGetNewPetDetails" time="0.814">
    <failure type="java.lang.NullPointerException" message="Cannot invoke &amp;quot;org.openqa.selenium.TakesScreenshot.getScreenshotAs(org.openqa.selenium.OutputType)&amp;quot; because &amp;quot;ts&amp;quot; is null">
      <![CDATA[java.lang.NullPointerException: Cannot invoke "org.openqa.selenium.TakesScreenshot.getScreenshotAs(org.openqa.selenium.OutputType)" because "ts" is null
at WebTest.SwaggerUITest.getScreenshot(SwaggerUITest.java:43)
at WebTest.TestListener.onTestFailure(TestListener.java:17)
at java.base/java.util.ArrayList.forEach(ArrayList.java:1511)
... Removed 24 stack frames]]>
    </failure>
  </testcase> <!-- testGetNewPetDetails -->
</testsuite> <!-- Test -->
